<?xml version="1.0" encoding="UTF-8"?>
<!-- Generated by org.testng.reporters.JUnitReportReporter -->
<testsuite hostname="Apples-MacBook-Air.local" failures="0" tests="1" name="com.gmail.Runner.TestRunner" time="18.912" errors="0" timestamp="2025-04-08T17:13:56 IST" skipped="0">
  <testcase classname="com.gmail.Runner.TestRunner" name="runScenario" time="18.912"/>
</testsuite> <!-- com.gmail.Runner.TestRunner -->
